{"duration":0,"ip":"::1","level":"info","message":"OPTIONS /ratings/67b008b1-6afe-4372-973b-3037a773e87e/user 204 - 0ms","method":"OPTIONS","service":"trustlens-api","status":204,"timestamp":"2026-01-20 17:43:18","url":"/ratings/67b008b1-6afe-4372-973b-3037a773e87e/user"}
{"level":"info","message":"[Auth] User authenticated: 57bbbb75-05c7-4f69-9aad-7a961b3cc798","service":"trustlens-api","timestamp":"2026-01-20 17:43:18"}
{"duration":256,"ip":"::1","level":"info","message":"GET /ratings/67b008b1-6afe-4372-973b-3037a773e87e/user 304 - 256ms","method":"GET","service":"trustlens-api","status":304,"timestamp":"2026-01-20 17:43:18","url":"/ratings/67b008b1-6afe-4372-973b-3037a773e87e/user"}
{"duration":3271,"ip":"::1","level":"info","message":"GET /complaints?limit=10&offset=0&sortBy=createdAt&sortOrder=desc&search= 304 - 3271ms","method":"GET","service":"trustlens-api","status":304,"timestamp":"2026-01-20 17:43:19","url":"/complaints?limit=10&offset=0&sortBy=createdAt&sortOrder=desc&search="}
{"duration":2750,"ip":"::1","level":"info","message":"GET /complaints/67b008b1-6afe-4372-973b-3037a773e87e 304 - 2750ms","method":"GET","service":"trustlens-api","status":304,"timestamp":"2026-01-20 17:43:21","url":"/complaints/67b008b1-6afe-4372-973b-3037a773e87e"}
{"level":"info","message":"[Auth] User authenticated: 57bbbb75-05c7-4f69-9aad-7a961b3cc798","service":"trustlens-api","timestamp":"2026-01-20 17:43:21"}
{"duration":496,"ip":"::1","level":"info","message":"GET /ratings/67b008b1-6afe-4372-973b-3037a773e87e/user 304 - 496ms","method":"GET","service":"trustlens-api","status":304,"timestamp":"2026-01-20 17:43:21","url":"/ratings/67b008b1-6afe-4372-973b-3037a773e87e/user"}
{"duration":1,"ip":"::1","level":"info","message":"OPTIONS /complaints/67b008b1-6afe-4372-973b-3037a773e87e 204 - 1ms","method":"OPTIONS","service":"trustlens-api","status":204,"timestamp":"2026-01-20 17:44:29","url":"/complaints/67b008b1-6afe-4372-973b-3037a773e87e"}
{"duration":1,"ip":"::1","level":"info","message":"OPTIONS /complaints/67b008b1-6afe-4372-973b-3037a773e87e 204 - 1ms","method":"OPTIONS","service":"trustlens-api","status":204,"timestamp":"2026-01-20 17:44:29","url":"/complaints/67b008b1-6afe-4372-973b-3037a773e87e"}
{"duration":2243,"ip":"::1","level":"info","message":"GET /complaints/67b008b1-6afe-4372-973b-3037a773e87e 304 - 2243ms","method":"GET","service":"trustlens-api","status":304,"timestamp":"2026-01-20 17:44:31","url":"/complaints/67b008b1-6afe-4372-973b-3037a773e87e"}
{"duration":2,"ip":"::1","level":"info","message":"OPTIONS /ratings/67b008b1-6afe-4372-973b-3037a773e87e/user 204 - 2ms","method":"OPTIONS","service":"trustlens-api","status":204,"timestamp":"2026-01-20 17:44:31","url":"/ratings/67b008b1-6afe-4372-973b-3037a773e87e/user"}
{"level":"info","message":"[Auth] User authenticated: 57bbbb75-05c7-4f69-9aad-7a961b3cc798","service":"trustlens-api","timestamp":"2026-01-20 17:44:31"}
{"duration":502,"ip":"::1","level":"info","message":"GET /ratings/67b008b1-6afe-4372-973b-3037a773e87e/user 304 - 502ms","method":"GET","service":"trustlens-api","status":304,"timestamp":"2026-01-20 17:44:32","url":"/ratings/67b008b1-6afe-4372-973b-3037a773e87e/user"}
{"duration":3423,"ip":"::1","level":"info","message":"GET /complaints/67b008b1-6afe-4372-973b-3037a773e87e 304 - 3423ms","method":"GET","service":"trustlens-api","status":304,"timestamp":"2026-01-20 17:44:35","url":"/complaints/67b008b1-6afe-4372-973b-3037a773e87e"}
{"level":"info","message":"[Auth] User authenticated: 57bbbb75-05c7-4f69-9aad-7a961b3cc798","service":"trustlens-api","timestamp":"2026-01-20 17:44:35"}
{"duration":261,"ip":"::1","level":"info","message":"GET /ratings/67b008b1-6afe-4372-973b-3037a773e87e/user 304 - 261ms","method":"GET","service":"trustlens-api","status":304,"timestamp":"2026-01-20 17:44:35","url":"/ratings/67b008b1-6afe-4372-973b-3037a773e87e/user"}
{"duration":1,"ip":"::1","level":"info","message":"OPTIONS /dashboard 204 - 1ms","method":"OPTIONS","service":"trustlens-api","status":204,"timestamp":"2026-01-20 17:44:55","url":"/dashboard"}
{"duration":1,"ip":"::1","level":"info","message":"OPTIONS /complaints?limit=10&offset=0&sortBy=createdAt&sortOrder=desc&search= 204 - 1ms","method":"OPTIONS","service":"trustlens-api","status":204,"timestamp":"2026-01-20 17:44:55","url":"/complaints?limit=10&offset=0&sortBy=createdAt&sortOrder=desc&search="}
{"duration":0,"ip":"::1","level":"info","message":"OPTIONS /dashboard 204 - 0ms","method":"OPTIONS","service":"trustlens-api","status":204,"timestamp":"2026-01-20 17:44:55","url":"/dashboard"}
{"duration":0,"ip":"::1","level":"info","message":"OPTIONS /complaints?limit=10&offset=0&sortBy=createdAt&sortOrder=desc&search= 204 - 0ms","method":"OPTIONS","service":"trustlens-api","status":204,"timestamp":"2026-01-20 17:44:55","url":"/complaints?limit=10&offset=0&sortBy=createdAt&sortOrder=desc&search="}
{"level":"info","message":"[Auth] User authenticated: 57bbbb75-05c7-4f69-9aad-7a961b3cc798","service":"trustlens-api","timestamp":"2026-01-20 17:44:55"}
{"level":"info","message":"[Auth] User authenticated: 57bbbb75-05c7-4f69-9aad-7a961b3cc798","service":"trustlens-api","timestamp":"2026-01-20 17:44:55"}
{"duration":2840,"ip":"::1","level":"info","message":"GET /dashboard 304 - 2840ms","method":"GET","service":"trustlens-api","status":304,"timestamp":"2026-01-20 17:44:58","url":"/dashboard"}
{"level":"info","message":"[Auth] User authenticated: 57bbbb75-05c7-4f69-9aad-7a961b3cc798","service":"trustlens-api","timestamp":"2026-01-20 17:44:58"}
{"duration":3182,"ip":"::1","level":"info","message":"GET /complaints?limit=10&offset=0&sortBy=createdAt&sortOrder=desc&search= 304 - 3182ms","method":"GET","service":"trustlens-api","status":304,"timestamp":"2026-01-20 17:44:58","url":"/complaints?limit=10&offset=0&sortBy=createdAt&sortOrder=desc&search="}
{"level":"info","message":"[Auth] User authenticated: 57bbbb75-05c7-4f69-9aad-7a961b3cc798","service":"trustlens-api","timestamp":"2026-01-20 17:44:58"}
{"duration":2464,"ip":"::1","level":"info","message":"GET /complaints?limit=10&offset=0&sortBy=createdAt&sortOrder=desc&search= 304 - 2464ms","method":"GET","service":"trustlens-api","status":304,"timestamp":"2026-01-20 17:45:00","url":"/complaints?limit=10&offset=0&sortBy=createdAt&sortOrder=desc&search="}
{"level":"info","message":"[Auth] User authenticated: 57bbbb75-05c7-4f69-9aad-7a961b3cc798","service":"trustlens-api","timestamp":"2026-01-20 17:45:00"}
{"duration":4371,"ip":"::1","level":"info","message":"GET /dashboard 304 - 4371ms","method":"GET","service":"trustlens-api","status":304,"timestamp":"2026-01-20 17:45:02","url":"/dashboard"}
{"duration":2748,"ip":"::1","level":"info","message":"GET /complaints?limit=10&offset=0&sortBy=createdAt&sortOrder=desc&search= 304 - 2748ms","method":"GET","service":"trustlens-api","status":304,"timestamp":"2026-01-20 17:45:03","url":"/complaints?limit=10&offset=0&sortBy=createdAt&sortOrder=desc&search="}
{"duration":1,"ip":"::1","level":"info","message":"OPTIONS /dashboard 204 - 1ms","method":"OPTIONS","service":"trustlens-api","status":204,"timestamp":"2026-01-20 17:45:14","url":"/dashboard"}
{"duration":0,"ip":"::1","level":"info","message":"OPTIONS /complaints?limit=10&offset=0&sortBy=createdAt&sortOrder=desc&search= 204 - 0ms","method":"OPTIONS","service":"trustlens-api","status":204,"timestamp":"2026-01-20 17:45:14","url":"/complaints?limit=10&offset=0&sortBy=createdAt&sortOrder=desc&search="}
{"duration":0,"ip":"::1","level":"info","message":"OPTIONS /dashboard 204 - 0ms","method":"OPTIONS","service":"trustlens-api","status":204,"timestamp":"2026-01-20 17:45:14","url":"/dashboard"}
{"duration":1,"ip":"::1","level":"info","message":"OPTIONS /complaints?limit=10&offset=0&sortBy=createdAt&sortOrder=desc&search= 204 - 1ms","method":"OPTIONS","service":"trustlens-api","status":204,"timestamp":"2026-01-20 17:45:14","url":"/complaints?limit=10&offset=0&sortBy=createdAt&sortOrder=desc&search="}
{"level":"info","message":"[Auth] User authenticated: 57bbbb75-05c7-4f69-9aad-7a961b3cc798","service":"trustlens-api","timestamp":"2026-01-20 17:45:14"}
{"level":"info","message":"[Auth] User authenticated: 57bbbb75-05c7-4f69-9aad-7a961b3cc798","service":"trustlens-api","timestamp":"2026-01-20 17:45:14"}
{"duration":2557,"ip":"::1","level":"info","message":"GET /dashboard 304 - 2557ms","method":"GET","service":"trustlens-api","status":304,"timestamp":"2026-01-20 17:45:16","url":"/dashboard"}
{"level":"info","message":"[Auth] User authenticated: 57bbbb75-05c7-4f69-9aad-7a961b3cc798","service":"trustlens-api","timestamp":"2026-01-20 17:45:16"}
{"duration":3775,"ip":"::1","level":"info","message":"GET /complaints?limit=10&offset=0&sortBy=createdAt&sortOrder=desc&search= 304 - 3775ms","method":"GET","service":"trustlens-api","status":304,"timestamp":"2026-01-20 17:45:18","url":"/complaints?limit=10&offset=0&sortBy=createdAt&sortOrder=desc&search="}
{"level":"info","message":"[Auth] User authenticated: 57bbbb75-05c7-4f69-9aad-7a961b3cc798","service":"trustlens-api","timestamp":"2026-01-20 17:45:18"}
{"duration":1931,"ip":"::1","level":"info","message":"GET /dashboard 304 - 1931ms","method":"GET","service":"trustlens-api","status":304,"timestamp":"2026-01-20 17:45:18","url":"/dashboard"}
{"duration":0,"ip":"::1","level":"info","message":"OPTIONS /dashboard 204 - 0ms","method":"OPTIONS","service":"trustlens-api","status":204,"timestamp":"2026-01-20 17:45:19","url":"/dashboard"}
{"duration":0,"ip":"::1","level":"info","message":"OPTIONS /complaints?limit=10&offset=0&sortBy=createdAt&sortOrder=desc&search= 204 - 0ms","method":"OPTIONS","service":"trustlens-api","status":204,"timestamp":"2026-01-20 17:45:19","url":"/complaints?limit=10&offset=0&sortBy=createdAt&sortOrder=desc&search="}
{"duration":0,"ip":"::1","level":"info","message":"OPTIONS /dashboard 204 - 0ms","method":"OPTIONS","service":"trustlens-api","status":204,"timestamp":"2026-01-20 17:45:19","url":"/dashboard"}
{"duration":0,"ip":"::1","level":"info","message":"OPTIONS /complaints?limit=10&offset=0&sortBy=createdAt&sortOrder=desc&search= 204 - 0ms","method":"OPTIONS","service":"trustlens-api","status":204,"timestamp":"2026-01-20 17:45:19","url":"/complaints?limit=10&offset=0&sortBy=createdAt&sortOrder=desc&search="}
{"level":"info","message":"[Auth] User authenticated: 57bbbb75-05c7-4f69-9aad-7a961b3cc798","service":"trustlens-api","timestamp":"2026-01-20 17:45:19"}
{"duration":2214,"ip":"::1","level":"info","message":"GET /complaints?limit=10&offset=0&sortBy=createdAt&sortOrder=desc&search= 304 - 2214ms","method":"GET","service":"trustlens-api","status":304,"timestamp":"2026-01-20 17:45:20","url":"/complaints?limit=10&offset=0&sortBy=createdAt&sortOrder=desc&search="}
{"level":"info","message":"[Auth] User authenticated: 57bbbb75-05c7-4f69-9aad-7a961b3cc798","service":"trustlens-api","timestamp":"2026-01-20 17:45:20"}
{"duration":1694,"ip":"::1","level":"info","message":"GET /dashboard 304 - 1694ms","method":"GET","service":"trustlens-api","status":304,"timestamp":"2026-01-20 17:45:21","url":"/dashboard"}
{"level":"info","message":"[Auth] User authenticated: 57bbbb75-05c7-4f69-9aad-7a961b3cc798","service":"trustlens-api","timestamp":"2026-01-20 17:45:21"}
{"duration":2993,"ip":"::1","level":"info","message":"GET /complaints?limit=10&offset=0&sortBy=createdAt&sortOrder=desc&search= 304 - 2993ms","method":"GET","service":"trustlens-api","status":304,"timestamp":"2026-01-20 17:45:23","url":"/complaints?limit=10&offset=0&sortBy=createdAt&sortOrder=desc&search="}
{"level":"info","message":"[Auth] User authenticated: 57bbbb75-05c7-4f69-9aad-7a961b3cc798","service":"trustlens-api","timestamp":"2026-01-20 17:45:23"}
{"duration":2228,"ip":"::1","level":"info","message":"GET /dashboard 304 - 2228ms","method":"GET","service":"trustlens-api","status":304,"timestamp":"2026-01-20 17:45:23","url":"/dashboard"}
{"duration":2214,"ip":"::1","level":"info","message":"GET /complaints?limit=10&offset=0&sortBy=createdAt&sortOrder=desc&search= 304 - 2214ms","method":"GET","service":"trustlens-api","status":304,"timestamp":"2026-01-20 17:45:25","url":"/complaints?limit=10&offset=0&sortBy=createdAt&sortOrder=desc&search="}
{"level":"info","message":"[Auth] User authenticated: 57bbbb75-05c7-4f69-9aad-7a961b3cc798","service":"trustlens-api","timestamp":"2026-01-20 17:45:25"}
{"duration":2791,"ip":"::1","level":"info","message":"GET /complaints?limit=10&offset=0&sortBy=createdAt&sortOrder=desc&search= 304 - 2791ms","method":"GET","service":"trustlens-api","status":304,"timestamp":"2026-01-20 17:45:28","url":"/complaints?limit=10&offset=0&sortBy=createdAt&sortOrder=desc&search="}
{"level":"info","message":"[Auth] User authenticated: 57bbbb75-05c7-4f69-9aad-7a961b3cc798","service":"trustlens-api","timestamp":"2026-01-20 17:45:28"}
{"duration":2224,"ip":"::1","level":"info","message":"GET /complaints?limit=10&offset=0&sortBy=createdAt&sortOrder=desc&search= 304 - 2224ms","method":"GET","service":"trustlens-api","status":304,"timestamp":"2026-01-20 17:45:30","url":"/complaints?limit=10&offset=0&sortBy=createdAt&sortOrder=desc&search="}
{"duration":0,"ip":"::1","level":"info","message":"OPTIONS /dashboard 204 - 0ms","method":"OPTIONS","service":"trustlens-api","status":204,"timestamp":"2026-01-20 17:46:03","url":"/dashboard"}
{"duration":1,"ip":"::1","level":"info","message":"OPTIONS /complaints?limit=10&offset=0&sortBy=createdAt&sortOrder=desc&search= 204 - 1ms","method":"OPTIONS","service":"trustlens-api","status":204,"timestamp":"2026-01-20 17:46:03","url":"/complaints?limit=10&offset=0&sortBy=createdAt&sortOrder=desc&search="}
{"duration":1,"ip":"::1","level":"info","message":"OPTIONS /dashboard 204 - 1ms","method":"OPTIONS","service":"trustlens-api","status":204,"timestamp":"2026-01-20 17:46:03","url":"/dashboard"}
{"duration":0,"ip":"::1","level":"info","message":"OPTIONS /complaints?limit=10&offset=0&sortBy=createdAt&sortOrder=desc&search= 204 - 0ms","method":"OPTIONS","service":"trustlens-api","status":204,"timestamp":"2026-01-20 17:46:03","url":"/complaints?limit=10&offset=0&sortBy=createdAt&sortOrder=desc&search="}
{"level":"info","message":"[Auth] User authenticated: 57bbbb75-05c7-4f69-9aad-7a961b3cc798","service":"trustlens-api","timestamp":"2026-01-20 17:46:03"}
{"level":"info","message":"[Auth] User authenticated: 57bbbb75-05c7-4f69-9aad-7a961b3cc798","service":"trustlens-api","timestamp":"2026-01-20 17:46:03"}
{"duration":3018,"ip":"::1","level":"info","message":"GET /dashboard 304 - 3018ms","method":"GET","service":"trustlens-api","status":304,"timestamp":"2026-01-20 17:46:06","url":"/dashboard"}
{"level":"info","message":"[Auth] User authenticated: 57bbbb75-05c7-4f69-9aad-7a961b3cc798","service":"trustlens-api","timestamp":"2026-01-20 17:46:06"}
{"duration":3822,"ip":"::1","level":"info","message":"GET /complaints?limit=10&offset=0&sortBy=createdAt&sortOrder=desc&search= 304 - 3822ms","method":"GET","service":"trustlens-api","status":304,"timestamp":"2026-01-20 17:46:07","url":"/complaints?limit=10&offset=0&sortBy=createdAt&sortOrder=desc&search="}
{"level":"info","message":"[Auth] User authenticated: 57bbbb75-05c7-4f69-9aad-7a961b3cc798","service":"trustlens-api","timestamp":"2026-01-20 17:46:07"}
{"duration":1960,"ip":"::1","level":"info","message":"GET /dashboard 304 - 1960ms","method":"GET","service":"trustlens-api","status":304,"timestamp":"2026-01-20 17:46:08","url":"/dashboard"}
{"duration":1,"ip":"::1","level":"info","message":"OPTIONS /complaints/67b008b1-6afe-4372-973b-3037a773e87e 204 - 1ms","method":"OPTIONS","service":"trustlens-api","status":204,"timestamp":"2026-01-20 17:46:08","url":"/complaints/67b008b1-6afe-4372-973b-3037a773e87e"}
{"duration":0,"ip":"::1","level":"info","message":"OPTIONS /complaints/67b008b1-6afe-4372-973b-3037a773e87e 204 - 0ms","method":"OPTIONS","service":"trustlens-api","status":204,"timestamp":"2026-01-20 17:46:08","url":"/complaints/67b008b1-6afe-4372-973b-3037a773e87e"}
{"duration":2768,"ip":"::1","level":"info","message":"GET /complaints?limit=10&offset=0&sortBy=createdAt&sortOrder=desc&search= 304 - 2768ms","method":"GET","service":"trustlens-api","status":304,"timestamp":"2026-01-20 17:46:09","url":"/complaints?limit=10&offset=0&sortBy=createdAt&sortOrder=desc&search="}
{"level":"info","message":"[Auth] User authenticated: 57bbbb75-05c7-4f69-9aad-7a961b3cc798","service":"trustlens-api","timestamp":"2026-01-20 17:46:09"}
{"duration":0,"ip":"::1","level":"info","message":"OPTIONS /complaints?limit=10&offset=0&sortBy=createdAt&sortOrder=desc&search= 204 - 0ms","method":"OPTIONS","service":"trustlens-api","status":204,"timestamp":"2026-01-20 17:46:11","url":"/complaints?limit=10&offset=0&sortBy=createdAt&sortOrder=desc&search="}
{"duration":0,"ip":"::1","level":"info","message":"OPTIONS /dashboard 204 - 0ms","method":"OPTIONS","service":"trustlens-api","status":204,"timestamp":"2026-01-20 17:46:11","url":"/dashboard"}
{"duration":1,"ip":"::1","level":"info","message":"OPTIONS /dashboard 204 - 1ms","method":"OPTIONS","service":"trustlens-api","status":204,"timestamp":"2026-01-20 17:46:11","url":"/dashboard"}
{"level":"info","message":"[Auth] User authenticated: 57bbbb75-05c7-4f69-9aad-7a961b3cc798","service":"trustlens-api","timestamp":"2026-01-20 17:46:11"}
{"duration":1,"ip":"::1","level":"info","message":"OPTIONS /complaints?limit=10&offset=0&sortBy=createdAt&sortOrder=desc&search= 204 - 1ms","method":"OPTIONS","service":"trustlens-api","status":204,"timestamp":"2026-01-20 17:46:11","url":"/complaints?limit=10&offset=0&sortBy=createdAt&sortOrder=desc&search="}
{"duration":4023,"ip":"::1","level":"info","message":"GET /complaints?limit=10&offset=0&sortBy=createdAt&sortOrder=desc&search= 304 - 4023ms","method":"GET","service":"trustlens-api","status":304,"timestamp":"2026-01-20 17:46:13","url":"/complaints?limit=10&offset=0&sortBy=createdAt&sortOrder=desc&search="}
{"level":"info","message":"[Auth] User authenticated: 57bbbb75-05c7-4f69-9aad-7a961b3cc798","service":"trustlens-api","timestamp":"2026-01-20 17:46:13"}
{"duration":6669,"ip":"::1","level":"info","message":"GET /complaints/67b008b1-6afe-4372-973b-3037a773e87e 304 - 6669ms","method":"GET","service":"trustlens-api","status":304,"timestamp":"2026-01-20 17:46:15","url":"/complaints/67b008b1-6afe-4372-973b-3037a773e87e"}
{"duration":0,"ip":"::1","level":"info","message":"OPTIONS /ratings/67b008b1-6afe-4372-973b-3037a773e87e/user 204 - 0ms","method":"OPTIONS","service":"trustlens-api","status":204,"timestamp":"2026-01-20 17:46:15","url":"/ratings/67b008b1-6afe-4372-973b-3037a773e87e/user"}
{"level":"info","message":"[Auth] User authenticated: 57bbbb75-05c7-4f69-9aad-7a961b3cc798","service":"trustlens-api","timestamp":"2026-01-20 17:46:15"}
{"duration":711,"ip":"::1","level":"info","message":"GET /ratings/67b008b1-6afe-4372-973b-3037a773e87e/user 304 - 711ms","method":"GET","service":"trustlens-api","status":304,"timestamp":"2026-01-20 17:46:16","url":"/ratings/67b008b1-6afe-4372-973b-3037a773e87e/user"}
{"duration":4751,"ip":"::1","level":"info","message":"GET /dashboard 304 - 4751ms","method":"GET","service":"trustlens-api","status":304,"timestamp":"2026-01-20 17:46:16","url":"/dashboard"}
{"level":"info","message":"[Auth] User authenticated: 57bbbb75-05c7-4f69-9aad-7a961b3cc798","service":"trustlens-api","timestamp":"2026-01-20 17:46:16"}
{"duration":3273,"ip":"::1","level":"info","message":"GET /complaints?limit=10&offset=0&sortBy=createdAt&sortOrder=desc&search= 304 - 3273ms","method":"GET","service":"trustlens-api","status":304,"timestamp":"2026-01-20 17:46:17","url":"/complaints?limit=10&offset=0&sortBy=createdAt&sortOrder=desc&search="}
{"level":"info","message":"[Auth] User authenticated: 57bbbb75-05c7-4f69-9aad-7a961b3cc798","service":"trustlens-api","timestamp":"2026-01-20 17:46:17"}
{"duration":1674,"ip":"::1","level":"info","message":"GET /dashboard 304 - 1674ms","method":"GET","service":"trustlens-api","status":304,"timestamp":"2026-01-20 17:46:18","url":"/dashboard"}
{"duration":2928,"ip":"::1","level":"info","message":"GET /complaints?limit=10&offset=0&sortBy=createdAt&sortOrder=desc&search= 304 - 2928ms","method":"GET","service":"trustlens-api","status":304,"timestamp":"2026-01-20 17:46:20","url":"/complaints?limit=10&offset=0&sortBy=createdAt&sortOrder=desc&search="}
{"level":"info","message":"[Auth] User authenticated: 57bbbb75-05c7-4f69-9aad-7a961b3cc798","service":"trustlens-api","timestamp":"2026-01-20 17:46:20"}
{"duration":5098,"ip":"::1","level":"info","message":"GET /complaints/67b008b1-6afe-4372-973b-3037a773e87e 304 - 5098ms","method":"GET","service":"trustlens-api","status":304,"timestamp":"2026-01-20 17:46:20","url":"/complaints/67b008b1-6afe-4372-973b-3037a773e87e"}
{"duration":0,"ip":"::1","level":"info","message":"OPTIONS /ratings/67b008b1-6afe-4372-973b-3037a773e87e/user 204 - 0ms","method":"OPTIONS","service":"trustlens-api","status":204,"timestamp":"2026-01-20 17:46:20","url":"/ratings/67b008b1-6afe-4372-973b-3037a773e87e/user"}
{"level":"info","message":"[Auth] User authenticated: 57bbbb75-05c7-4f69-9aad-7a961b3cc798","service":"trustlens-api","timestamp":"2026-01-20 17:46:20"}
{"duration":507,"ip":"::1","level":"info","message":"GET /ratings/67b008b1-6afe-4372-973b-3037a773e87e/user 304 - 507ms","method":"GET","service":"trustlens-api","status":304,"timestamp":"2026-01-20 17:46:20","url":"/ratings/67b008b1-6afe-4372-973b-3037a773e87e/user"}
{"duration":3160,"ip":"::1","level":"info","message":"GET /complaints?limit=10&offset=0&sortBy=createdAt&sortOrder=desc&search= 304 - 3160ms","method":"GET","service":"trustlens-api","status":304,"timestamp":"2026-01-20 17:46:23","url":"/complaints?limit=10&offset=0&sortBy=createdAt&sortOrder=desc&search="}
{"duration":2,"ip":"::1","level":"info","message":"OPTIONS /dashboard 204 - 2ms","method":"OPTIONS","service":"trustlens-api","status":204,"timestamp":"2026-01-20 17:47:35","url":"/dashboard"}
{"duration":1,"ip":"::1","level":"info","message":"OPTIONS /complaints?limit=10&offset=0&sortBy=createdAt&sortOrder=desc&search= 204 - 1ms","method":"OPTIONS","service":"trustlens-api","status":204,"timestamp":"2026-01-20 17:47:35","url":"/complaints?limit=10&offset=0&sortBy=createdAt&sortOrder=desc&search="}
{"duration":1,"ip":"::1","level":"info","message":"OPTIONS /subscriptions/current 204 - 1ms","method":"OPTIONS","service":"trustlens-api","status":204,"timestamp":"2026-01-20 17:47:35","url":"/subscriptions/current"}
{"level":"info","message":"[Auth] User authenticated: 57bbbb75-05c7-4f69-9aad-7a961b3cc798","service":"trustlens-api","timestamp":"2026-01-20 17:47:35"}
{"level":"info","message":"[Auth] User authenticated: 57bbbb75-05c7-4f69-9aad-7a961b3cc798","service":"trustlens-api","timestamp":"2026-01-20 17:47:35"}
{"level":"info","message":"[Auth] User authenticated: 57bbbb75-05c7-4f69-9aad-7a961b3cc798","service":"trustlens-api","timestamp":"2026-01-20 17:47:35"}
{"duration":4,"ip":"::1","level":"info","message":"GET /subscriptions/current 304 - 4ms","method":"GET","service":"trustlens-api","status":304,"timestamp":"2026-01-20 17:47:35","url":"/subscriptions/current"}
{"duration":8570,"ip":"::1","level":"info","message":"GET /complaints?limit=10&offset=0&sortBy=createdAt&sortOrder=desc&search= 304 - 8570ms","method":"GET","service":"trustlens-api","status":304,"timestamp":"2026-01-20 17:47:44","url":"/complaints?limit=10&offset=0&sortBy=createdAt&sortOrder=desc&search="}
{"level":"info","message":"[Auth] User authenticated: 57bbbb75-05c7-4f69-9aad-7a961b3cc798","service":"trustlens-api","timestamp":"2026-01-20 17:47:44"}
{"duration":9305,"ip":"::1","level":"info","message":"GET /dashboard 304 - 9305ms","method":"GET","service":"trustlens-api","status":304,"timestamp":"2026-01-20 17:47:44","url":"/dashboard"}
{"duration":1,"ip":"::1","level":"info","message":"GET /uploads/1768850771226-51779147.png 304 - 1ms","method":"GET","service":"trustlens-api","status":304,"timestamp":"2026-01-20 17:47:44","url":"/uploads/1768850771226-51779147.png"}
{"duration":2737,"ip":"::1","level":"info","message":"GET /complaints?limit=10&offset=0&sortBy=createdAt&sortOrder=desc&search= 304 - 2737ms","method":"GET","service":"trustlens-api","status":304,"timestamp":"2026-01-20 17:47:46","url":"/complaints?limit=10&offset=0&sortBy=createdAt&sortOrder=desc&search="}
{"duration":1,"ip":"::1","level":"info","message":"OPTIONS /dashboard 204 - 1ms","method":"OPTIONS","service":"trustlens-api","status":204,"timestamp":"2026-01-20 17:49:23","url":"/dashboard"}
{"level":"info","message":"[Auth] User authenticated: 57bbbb75-05c7-4f69-9aad-7a961b3cc798","service":"trustlens-api","timestamp":"2026-01-20 17:49:23"}
{"duration":1,"ip":"::1","level":"info","message":"OPTIONS /complaints?limit=10&offset=0&sortBy=createdAt&sortOrder=desc&search= 204 - 1ms","method":"OPTIONS","service":"trustlens-api","status":204,"timestamp":"2026-01-20 17:49:23","url":"/complaints?limit=10&offset=0&sortBy=createdAt&sortOrder=desc&search="}
{"duration":1,"ip":"::1","level":"info","message":"OPTIONS /dashboard 204 - 1ms","method":"OPTIONS","service":"trustlens-api","status":204,"timestamp":"2026-01-20 17:49:23","url":"/dashboard"}
{"duration":0,"ip":"::1","level":"info","message":"OPTIONS /complaints?limit=10&offset=0&sortBy=createdAt&sortOrder=desc&search= 204 - 0ms","method":"OPTIONS","service":"trustlens-api","status":204,"timestamp":"2026-01-20 17:49:23","url":"/complaints?limit=10&offset=0&sortBy=createdAt&sortOrder=desc&search="}
{"level":"info","message":"[Auth] User authenticated: 57bbbb75-05c7-4f69-9aad-7a961b3cc798","service":"trustlens-api","timestamp":"2026-01-20 17:49:23"}
{"duration":3962,"ip":"::1","level":"info","message":"GET /dashboard 304 - 3962ms","method":"GET","service":"trustlens-api","status":304,"timestamp":"2026-01-20 17:49:27","url":"/dashboard"}
{"level":"info","message":"[Auth] User authenticated: 57bbbb75-05c7-4f69-9aad-7a961b3cc798","service":"trustlens-api","timestamp":"2026-01-20 17:49:27"}
{"duration":6396,"ip":"::1","level":"info","message":"GET /complaints?limit=10&offset=0&sortBy=createdAt&sortOrder=desc&search= 304 - 6396ms","method":"GET","service":"trustlens-api","status":304,"timestamp":"2026-01-20 17:49:30","url":"/complaints?limit=10&offset=0&sortBy=createdAt&sortOrder=desc&search="}
{"level":"info","message":"[Auth] User authenticated: 57bbbb75-05c7-4f69-9aad-7a961b3cc798","service":"trustlens-api","timestamp":"2026-01-20 17:49:30"}
{"duration":1,"ip":"::1","level":"info","message":"GET /uploads/1768850771226-51779147.png 304 - 1ms","method":"GET","service":"trustlens-api","status":304,"timestamp":"2026-01-20 17:49:30","url":"/uploads/1768850771226-51779147.png"}
{"duration":3660,"ip":"::1","level":"info","message":"GET /dashboard 304 - 3660ms","method":"GET","service":"trustlens-api","status":304,"timestamp":"2026-01-20 17:49:31","url":"/dashboard"}
{"duration":3510,"ip":"::1","level":"info","message":"GET /complaints?limit=10&offset=0&sortBy=createdAt&sortOrder=desc&search= 304 - 3510ms","method":"GET","service":"trustlens-api","status":304,"timestamp":"2026-01-20 17:49:33","url":"/complaints?limit=10&offset=0&sortBy=createdAt&sortOrder=desc&search="}
{"level":"info","message":"[Auth] User authenticated: 57bbbb75-05c7-4f69-9aad-7a961b3cc798","service":"trustlens-api","timestamp":"2026-01-20 17:49:33"}
{"duration":2902,"ip":"::1","level":"info","message":"GET /complaints?limit=10&offset=0&sortBy=createdAt&sortOrder=desc&search= 304 - 2902ms","method":"GET","service":"trustlens-api","status":304,"timestamp":"2026-01-20 17:49:36","url":"/complaints?limit=10&offset=0&sortBy=createdAt&sortOrder=desc&search="}
{"duration":1,"ip":"::1","level":"info","message":"OPTIONS /subscriptions/current 204 - 1ms","method":"OPTIONS","service":"trustlens-api","status":204,"timestamp":"2026-01-20 17:51:18","url":"/subscriptions/current"}
{"level":"info","message":"[Auth] User authenticated: 57bbbb75-05c7-4f69-9aad-7a961b3cc798","service":"trustlens-api","timestamp":"2026-01-20 17:51:18"}
{"duration":3,"ip":"::1","level":"info","message":"GET /subscriptions/current 304 - 3ms","method":"GET","service":"trustlens-api","status":304,"timestamp":"2026-01-20 17:51:18","url":"/subscriptions/current"}
{"level":"info","message":"[Auth] User authenticated: 57bbbb75-05c7-4f69-9aad-7a961b3cc798","service":"trustlens-api","timestamp":"2026-01-20 17:51:18"}
{"duration":3,"ip":"::1","level":"info","message":"GET /subscriptions/current 304 - 3ms","method":"GET","service":"trustlens-api","status":304,"timestamp":"2026-01-20 17:51:18","url":"/subscriptions/current"}
{"duration":1,"ip":"::1","level":"info","message":"OPTIONS /subscriptions/current 204 - 1ms","method":"OPTIONS","service":"trustlens-api","status":204,"timestamp":"2026-01-20 17:51:24","url":"/subscriptions/current"}
{"level":"info","message":"[Auth] User authenticated: 57bbbb75-05c7-4f69-9aad-7a961b3cc798","service":"trustlens-api","timestamp":"2026-01-20 17:51:24"}
{"duration":3,"ip":"::1","level":"info","message":"GET /subscriptions/current 304 - 3ms","method":"GET","service":"trustlens-api","status":304,"timestamp":"2026-01-20 17:51:24","url":"/subscriptions/current"}
{"level":"info","message":"[Auth] User authenticated: 57bbbb75-05c7-4f69-9aad-7a961b3cc798","service":"trustlens-api","timestamp":"2026-01-20 17:51:24"}
{"duration":4,"ip":"::1","level":"info","message":"GET /subscriptions/current 304 - 4ms","method":"GET","service":"trustlens-api","status":304,"timestamp":"2026-01-20 17:51:24","url":"/subscriptions/current"}
{"duration":0,"ip":"::1","level":"info","message":"OPTIONS /subscriptions/current 204 - 0ms","method":"OPTIONS","service":"trustlens-api","status":204,"timestamp":"2026-01-20 17:51:29","url":"/subscriptions/current"}
{"level":"info","message":"[Auth] User authenticated: 57bbbb75-05c7-4f69-9aad-7a961b3cc798","service":"trustlens-api","timestamp":"2026-01-20 17:51:29"}
{"duration":3,"ip":"::1","level":"info","message":"GET /subscriptions/current 304 - 3ms","method":"GET","service":"trustlens-api","status":304,"timestamp":"2026-01-20 17:51:29","url":"/subscriptions/current"}
{"level":"info","message":"[Auth] User authenticated: 57bbbb75-05c7-4f69-9aad-7a961b3cc798","service":"trustlens-api","timestamp":"2026-01-20 17:51:29"}
{"duration":2,"ip":"::1","level":"info","message":"GET /subscriptions/current 304 - 2ms","method":"GET","service":"trustlens-api","status":304,"timestamp":"2026-01-20 17:51:29","url":"/subscriptions/current"}
{"duration":1,"ip":"::1","level":"info","message":"OPTIONS /dashboard 204 - 1ms","method":"OPTIONS","service":"trustlens-api","status":204,"timestamp":"2026-01-20 17:51:45","url":"/dashboard"}
{"duration":1,"ip":"::1","level":"info","message":"OPTIONS /subscriptions/current 204 - 1ms","method":"OPTIONS","service":"trustlens-api","status":204,"timestamp":"2026-01-20 17:51:45","url":"/subscriptions/current"}
{"duration":0,"ip":"::1","level":"info","message":"OPTIONS /complaints?limit=10&offset=0&sortBy=createdAt&sortOrder=desc&search= 204 - 0ms","method":"OPTIONS","service":"trustlens-api","status":204,"timestamp":"2026-01-20 17:51:45","url":"/complaints?limit=10&offset=0&sortBy=createdAt&sortOrder=desc&search="}
{"level":"info","message":"[Auth] User authenticated: 57bbbb75-05c7-4f69-9aad-7a961b3cc798","service":"trustlens-api","timestamp":"2026-01-20 17:51:45"}
{"level":"info","message":"[Auth] User authenticated: 57bbbb75-05c7-4f69-9aad-7a961b3cc798","service":"trustlens-api","timestamp":"2026-01-20 17:51:45"}
{"duration":4,"ip":"::1","level":"info","message":"GET /subscriptions/current 304 - 4ms","method":"GET","service":"trustlens-api","status":304,"timestamp":"2026-01-20 17:51:45","url":"/subscriptions/current"}
{"level":"info","message":"[Auth] User authenticated: 57bbbb75-05c7-4f69-9aad-7a961b3cc798","service":"trustlens-api","timestamp":"2026-01-20 17:51:45"}
{"level":"info","message":"[Auth] User authenticated: 57bbbb75-05c7-4f69-9aad-7a961b3cc798","service":"trustlens-api","timestamp":"2026-01-20 17:51:45"}
{"duration":6,"ip":"::1","level":"info","message":"GET /subscriptions/current 304 - 6ms","method":"GET","service":"trustlens-api","status":304,"timestamp":"2026-01-20 17:51:45","url":"/subscriptions/current"}
{"level":"info","message":"[Auth] User authenticated: 57bbbb75-05c7-4f69-9aad-7a961b3cc798","service":"trustlens-api","timestamp":"2026-01-20 17:51:45"}
{"duration":3,"ip":"::1","level":"info","message":"GET /subscriptions/current 304 - 3ms","method":"GET","service":"trustlens-api","status":304,"timestamp":"2026-01-20 17:51:45","url":"/subscriptions/current"}
{"duration":4784,"ip":"::1","level":"info","message":"GET /dashboard 304 - 4784ms","method":"GET","service":"trustlens-api","status":304,"timestamp":"2026-01-20 17:51:50","url":"/dashboard"}
{"duration":7670,"ip":"::1","level":"info","message":"GET /complaints?limit=10&offset=0&sortBy=createdAt&sortOrder=desc&search= 304 - 7670ms","method":"GET","service":"trustlens-api","status":304,"timestamp":"2026-01-20 17:51:53","url":"/complaints?limit=10&offset=0&sortBy=createdAt&sortOrder=desc&search="}
{"duration":1,"ip":"::1","level":"info","message":"GET /uploads/1768850771226-51779147.png 304 - 1ms","method":"GET","service":"trustlens-api","status":304,"timestamp":"2026-01-20 17:51:53","url":"/uploads/1768850771226-51779147.png"}
{"duration":2,"ip":"::1","level":"info","message":"OPTIONS /dashboard 204 - 2ms","method":"OPTIONS","service":"trustlens-api","status":204,"timestamp":"2026-01-20 17:53:02","url":"/dashboard"}
{"duration":1,"ip":"::1","level":"info","message":"OPTIONS /complaints?limit=10&offset=0&sortBy=createdAt&sortOrder=desc&search= 204 - 1ms","method":"OPTIONS","service":"trustlens-api","status":204,"timestamp":"2026-01-20 17:53:02","url":"/complaints?limit=10&offset=0&sortBy=createdAt&sortOrder=desc&search="}
{"level":"info","message":"[Auth] User authenticated: 57bbbb75-05c7-4f69-9aad-7a961b3cc798","service":"trustlens-api","timestamp":"2026-01-20 17:53:02"}
{"level":"info","message":"[Auth] User authenticated: 57bbbb75-05c7-4f69-9aad-7a961b3cc798","service":"trustlens-api","timestamp":"2026-01-20 17:53:02"}
{"duration":8811,"ip":"::1","level":"info","message":"GET /complaints?limit=10&offset=0&sortBy=createdAt&sortOrder=desc&search= 304 - 8811ms","method":"GET","service":"trustlens-api","status":304,"timestamp":"2026-01-20 17:53:11","url":"/complaints?limit=10&offset=0&sortBy=createdAt&sortOrder=desc&search="}
{"level":"info","message":"[Auth] User authenticated: 57bbbb75-05c7-4f69-9aad-7a961b3cc798","service":"trustlens-api","timestamp":"2026-01-20 17:53:11"}
{"duration":9311,"ip":"::1","level":"info","message":"GET /dashboard 304 - 9311ms","method":"GET","service":"trustlens-api","status":304,"timestamp":"2026-01-20 17:53:11","url":"/dashboard"}
{"duration":1964,"ip":"::1","level":"info","message":"GET /complaints?limit=10&offset=0&sortBy=createdAt&sortOrder=desc&search= 304 - 1964ms","method":"GET","service":"trustlens-api","status":304,"timestamp":"2026-01-20 17:53:13","url":"/complaints?limit=10&offset=0&sortBy=createdAt&sortOrder=desc&search="}
{"duration":1,"ip":"::1","level":"info","message":"OPTIONS /subscriptions/current 204 - 1ms","method":"OPTIONS","service":"trustlens-api","status":204,"timestamp":"2026-01-20 17:53:19","url":"/subscriptions/current"}
{"level":"info","message":"[Auth] User authenticated: 57bbbb75-05c7-4f69-9aad-7a961b3cc798","service":"trustlens-api","timestamp":"2026-01-20 17:53:19"}
{"duration":4,"ip":"::1","level":"info","message":"GET /subscriptions/current 304 - 4ms","method":"GET","service":"trustlens-api","status":304,"timestamp":"2026-01-20 17:53:19","url":"/subscriptions/current"}
{"level":"info","message":"[Auth] User authenticated: 57bbbb75-05c7-4f69-9aad-7a961b3cc798","service":"trustlens-api","timestamp":"2026-01-20 17:53:19"}
{"duration":6,"ip":"::1","level":"info","message":"GET /subscriptions/current 304 - 6ms","method":"GET","service":"trustlens-api","status":304,"timestamp":"2026-01-20 17:53:19","url":"/subscriptions/current"}
{"level":"info","message":"[Auth] User authenticated: 57bbbb75-05c7-4f69-9aad-7a961b3cc798","service":"trustlens-api","timestamp":"2026-01-20 17:53:19"}
{"duration":4,"ip":"::1","level":"info","message":"GET /subscriptions/current 304 - 4ms","method":"GET","service":"trustlens-api","status":304,"timestamp":"2026-01-20 17:53:19","url":"/subscriptions/current"}
{"duration":1,"ip":"::1","level":"info","message":"OPTIONS /complaints?limit=10&offset=0&sortBy=createdAt&sortOrder=desc&search= 204 - 1ms","method":"OPTIONS","service":"trustlens-api","status":204,"timestamp":"2026-01-20 17:53:40","url":"/complaints?limit=10&offset=0&sortBy=createdAt&sortOrder=desc&search="}
{"duration":0,"ip":"::1","level":"info","message":"OPTIONS /complaints?limit=10&offset=0&sortBy=createdAt&sortOrder=desc&search= 204 - 0ms","method":"OPTIONS","service":"trustlens-api","status":204,"timestamp":"2026-01-20 17:53:40","url":"/complaints?limit=10&offset=0&sortBy=createdAt&sortOrder=desc&search="}
{"level":"info","message":"[Auth] User authenticated: 57bbbb75-05c7-4f69-9aad-7a961b3cc798","service":"trustlens-api","timestamp":"2026-01-20 17:53:40"}
{"duration":2215,"ip":"::1","level":"info","message":"GET /complaints?limit=10&offset=0&sortBy=createdAt&sortOrder=desc&search= 304 - 2215ms","method":"GET","service":"trustlens-api","status":304,"timestamp":"2026-01-20 17:53:42","url":"/complaints?limit=10&offset=0&sortBy=createdAt&sortOrder=desc&search="}
{"level":"info","message":"[Auth] User authenticated: 57bbbb75-05c7-4f69-9aad-7a961b3cc798","service":"trustlens-api","timestamp":"2026-01-20 17:53:42"}
{"duration":3404,"ip":"::1","level":"info","message":"GET /complaints?limit=10&offset=0&sortBy=createdAt&sortOrder=desc&search= 304 - 3404ms","method":"GET","service":"trustlens-api","status":304,"timestamp":"2026-01-20 17:53:46","url":"/complaints?limit=10&offset=0&sortBy=createdAt&sortOrder=desc&search="}
{"level":"info","message":"[Auth] User authenticated: 57bbbb75-05c7-4f69-9aad-7a961b3cc798","service":"trustlens-api","timestamp":"2026-01-20 17:53:46"}
{"duration":2438,"ip":"::1","level":"info","message":"GET /complaints?limit=10&offset=0&sortBy=createdAt&sortOrder=desc&search= 304 - 2438ms","method":"GET","service":"trustlens-api","status":304,"timestamp":"2026-01-20 17:53:48","url":"/complaints?limit=10&offset=0&sortBy=createdAt&sortOrder=desc&search="}
{"duration":1,"ip":"::1","level":"info","message":"OPTIONS /dashboard 204 - 1ms","method":"OPTIONS","service":"trustlens-api","status":204,"timestamp":"2026-01-20 17:54:04","url":"/dashboard"}
{"duration":1,"ip":"::1","level":"info","message":"OPTIONS /complaints?limit=10&offset=0&sortBy=createdAt&sortOrder=desc&search= 204 - 1ms","method":"OPTIONS","service":"trustlens-api","status":204,"timestamp":"2026-01-20 17:54:04","url":"/complaints?limit=10&offset=0&sortBy=createdAt&sortOrder=desc&search="}
{"level":"info","message":"[Auth] User authenticated: 57bbbb75-05c7-4f69-9aad-7a961b3cc798","service":"trustlens-api","timestamp":"2026-01-20 17:54:04"}
{"duration":0,"ip":"::1","level":"info","message":"OPTIONS /dashboard 204 - 0ms","method":"OPTIONS","service":"trustlens-api","status":204,"timestamp":"2026-01-20 17:54:04","url":"/dashboard"}
{"duration":0,"ip":"::1","level":"info","message":"OPTIONS /complaints?limit=10&offset=0&sortBy=createdAt&sortOrder=desc&search= 204 - 0ms","method":"OPTIONS","service":"trustlens-api","status":204,"timestamp":"2026-01-20 17:54:04","url":"/complaints?limit=10&offset=0&sortBy=createdAt&sortOrder=desc&search="}
{"level":"info","message":"[Auth] User authenticated: 57bbbb75-05c7-4f69-9aad-7a961b3cc798","service":"trustlens-api","timestamp":"2026-01-20 17:54:04"}
{"duration":3064,"ip":"::1","level":"info","message":"GET /complaints?limit=10&offset=0&sortBy=createdAt&sortOrder=desc&search= 304 - 3064ms","method":"GET","service":"trustlens-api","status":304,"timestamp":"2026-01-20 17:54:07","url":"/complaints?limit=10&offset=0&sortBy=createdAt&sortOrder=desc&search="}
{"level":"info","message":"[Auth] User authenticated: 57bbbb75-05c7-4f69-9aad-7a961b3cc798","service":"trustlens-api","timestamp":"2026-01-20 17:54:07"}
{"duration":3560,"ip":"::1","level":"info","message":"GET /dashboard 304 - 3560ms","method":"GET","service":"trustlens-api","status":304,"timestamp":"2026-01-20 17:54:07","url":"/dashboard"}
{"level":"info","message":"[Auth] User authenticated: 57bbbb75-05c7-4f69-9aad-7a961b3cc798","service":"trustlens-api","timestamp":"2026-01-20 17:54:07"}
{"duration":2458,"ip":"::1","level":"info","message":"GET /complaints?limit=10&offset=0&sortBy=createdAt&sortOrder=desc&search= 304 - 2458ms","method":"GET","service":"trustlens-api","status":304,"timestamp":"2026-01-20 17:54:09","url":"/complaints?limit=10&offset=0&sortBy=createdAt&sortOrder=desc&search="}
{"level":"info","message":"[Auth] User authenticated: 57bbbb75-05c7-4f69-9aad-7a961b3cc798","service":"trustlens-api","timestamp":"2026-01-20 17:54:09"}
{"duration":0,"ip":"::1","level":"info","message":"OPTIONS /dashboard 204 - 0ms","method":"OPTIONS","service":"trustlens-api","status":204,"timestamp":"2026-01-20 17:54:11","url":"/dashboard"}
{"duration":0,"ip":"::1","level":"info","message":"OPTIONS /complaints?limit=10&offset=0&sortBy=createdAt&sortOrder=desc&search= 204 - 0ms","method":"OPTIONS","service":"trustlens-api","status":204,"timestamp":"2026-01-20 17:54:11","url":"/complaints?limit=10&offset=0&sortBy=createdAt&sortOrder=desc&search="}
{"duration":1,"ip":"::1","level":"info","message":"OPTIONS /dashboard 204 - 1ms","method":"OPTIONS","service":"trustlens-api","status":204,"timestamp":"2026-01-20 17:54:11","url":"/dashboard"}
{"duration":1,"ip":"::1","level":"info","message":"OPTIONS /complaints?limit=10&offset=0&sortBy=createdAt&sortOrder=desc&search= 204 - 1ms","method":"OPTIONS","service":"trustlens-api","status":204,"timestamp":"2026-01-20 17:54:11","url":"/complaints?limit=10&offset=0&sortBy=createdAt&sortOrder=desc&search="}
{"duration":4140,"ip":"::1","level":"info","message":"GET /dashboard 304 - 4140ms","method":"GET","service":"trustlens-api","status":304,"timestamp":"2026-01-20 17:54:11","url":"/dashboard"}
{"level":"info","message":"[Auth] User authenticated: 57bbbb75-05c7-4f69-9aad-7a961b3cc798","service":"trustlens-api","timestamp":"2026-01-20 17:54:11"}
{"duration":2490,"ip":"::1","level":"info","message":"GET /complaints?limit=10&offset=0&sortBy=createdAt&sortOrder=desc&search= 304 - 2490ms","method":"GET","service":"trustlens-api","status":304,"timestamp":"2026-01-20 17:54:12","url":"/complaints?limit=10&offset=0&sortBy=createdAt&sortOrder=desc&search="}
{"level":"info","message":"[Auth] User authenticated: 57bbbb75-05c7-4f69-9aad-7a961b3cc798","service":"trustlens-api","timestamp":"2026-01-20 17:54:12"}
{"duration":2227,"ip":"::1","level":"info","message":"GET /dashboard 304 - 2227ms","method":"GET","service":"trustlens-api","status":304,"timestamp":"2026-01-20 17:54:14","url":"/dashboard"}
{"level":"info","message":"[Auth] User authenticated: 57bbbb75-05c7-4f69-9aad-7a961b3cc798","service":"trustlens-api","timestamp":"2026-01-20 17:54:14"}
{"duration":2373,"ip":"::1","level":"info","message":"GET /complaints?limit=10&offset=0&sortBy=createdAt&sortOrder=desc&search= 304 - 2373ms","method":"GET","service":"trustlens-api","status":304,"timestamp":"2026-01-20 17:54:14","url":"/complaints?limit=10&offset=0&sortBy=createdAt&sortOrder=desc&search="}
{"level":"info","message":"[Auth] User authenticated: 57bbbb75-05c7-4f69-9aad-7a961b3cc798","service":"trustlens-api","timestamp":"2026-01-20 17:54:14"}
{"duration":2680,"ip":"::1","level":"info","message":"GET /complaints?limit=10&offset=0&sortBy=createdAt&sortOrder=desc&search= 304 - 2680ms","method":"GET","service":"trustlens-api","status":304,"timestamp":"2026-01-20 17:54:17","url":"/complaints?limit=10&offset=0&sortBy=createdAt&sortOrder=desc&search="}
{"level":"info","message":"[Auth] User authenticated: 57bbbb75-05c7-4f69-9aad-7a961b3cc798","service":"trustlens-api","timestamp":"2026-01-20 17:54:17"}
{"duration":3506,"ip":"::1","level":"info","message":"GET /dashboard 304 - 3506ms","method":"GET","service":"trustlens-api","status":304,"timestamp":"2026-01-20 17:54:17","url":"/dashboard"}
{"duration":2933,"ip":"::1","level":"info","message":"GET /complaints?limit=10&offset=0&sortBy=createdAt&sortOrder=desc&search= 304 - 2933ms","method":"GET","service":"trustlens-api","status":304,"timestamp":"2026-01-20 17:54:20","url":"/complaints?limit=10&offset=0&sortBy=createdAt&sortOrder=desc&search="}
{"level":"info","message":"[Auth] User authenticated: 57bbbb75-05c7-4f69-9aad-7a961b3cc798","service":"trustlens-api","timestamp":"2026-01-20 17:54:20"}
{"duration":3406,"ip":"::1","level":"info","message":"GET /complaints?limit=10&offset=0&sortBy=createdAt&sortOrder=desc&search= 304 - 3406ms","method":"GET","service":"trustlens-api","status":304,"timestamp":"2026-01-20 17:54:23","url":"/complaints?limit=10&offset=0&sortBy=createdAt&sortOrder=desc&search="}
{"level":"info","message":"[Auth] User authenticated: 57bbbb75-05c7-4f69-9aad-7a961b3cc798","service":"trustlens-api","timestamp":"2026-01-20 17:54:23"}
{"duration":2202,"ip":"::1","level":"info","message":"GET /complaints?limit=10&offset=0&sortBy=createdAt&sortOrder=desc&search= 304 - 2202ms","method":"GET","service":"trustlens-api","status":304,"timestamp":"2026-01-20 17:54:25","url":"/complaints?limit=10&offset=0&sortBy=createdAt&sortOrder=desc&search="}
{"level":"info","message":"[Auth] User authenticated: 57bbbb75-05c7-4f69-9aad-7a961b3cc798","service":"trustlens-api","timestamp":"2026-01-20 17:54:25"}
{"duration":2678,"ip":"::1","level":"info","message":"GET /complaints?limit=10&offset=0&sortBy=createdAt&sortOrder=desc&search= 304 - 2678ms","method":"GET","service":"trustlens-api","status":304,"timestamp":"2026-01-20 17:54:28","url":"/complaints?limit=10&offset=0&sortBy=createdAt&sortOrder=desc&search="}
{"duration":1,"ip":"::1","level":"info","message":"OPTIONS /subscriptions/current 204 - 1ms","method":"OPTIONS","service":"trustlens-api","status":204,"timestamp":"2026-01-20 17:56:02","url":"/subscriptions/current"}
{"level":"info","message":"[Auth] User authenticated: 57bbbb75-05c7-4f69-9aad-7a961b3cc798","service":"trustlens-api","timestamp":"2026-01-20 17:56:02"}
{"duration":5,"ip":"::1","level":"info","message":"GET /subscriptions/current 304 - 5ms","method":"GET","service":"trustlens-api","status":304,"timestamp":"2026-01-20 17:56:02","url":"/subscriptions/current"}
{"level":"info","message":"[Auth] User authenticated: 57bbbb75-05c7-4f69-9aad-7a961b3cc798","service":"trustlens-api","timestamp":"2026-01-20 17:56:02"}
{"duration":5,"ip":"::1","level":"info","message":"GET /subscriptions/current 304 - 5ms","method":"GET","service":"trustlens-api","status":304,"timestamp":"2026-01-20 17:56:02","url":"/subscriptions/current"}
{"level":"info","message":"[Auth] User authenticated: 57bbbb75-05c7-4f69-9aad-7a961b3cc798","service":"trustlens-api","timestamp":"2026-01-20 17:56:02"}
{"duration":3,"ip":"::1","level":"info","message":"GET /subscriptions/current 304 - 3ms","method":"GET","service":"trustlens-api","status":304,"timestamp":"2026-01-20 17:56:02","url":"/subscriptions/current"}
{"level":"info","message":"[Auth] User authenticated: 57bbbb75-05c7-4f69-9aad-7a961b3cc798","service":"trustlens-api","timestamp":"2026-01-20 17:56:04"}
{"duration":4,"ip":"::1","level":"info","message":"GET /subscriptions/current 304 - 4ms","method":"GET","service":"trustlens-api","status":304,"timestamp":"2026-01-20 17:56:04","url":"/subscriptions/current"}
{"level":"info","message":"[Auth] User authenticated: 57bbbb75-05c7-4f69-9aad-7a961b3cc798","service":"trustlens-api","timestamp":"2026-01-20 17:56:04"}
{"duration":4,"ip":"::1","level":"info","message":"GET /subscriptions/current 304 - 4ms","method":"GET","service":"trustlens-api","status":304,"timestamp":"2026-01-20 17:56:04","url":"/subscriptions/current"}
{"duration":0,"ip":"::1","level":"info","message":"OPTIONS /subscriptions/current 204 - 0ms","method":"OPTIONS","service":"trustlens-api","status":204,"timestamp":"2026-01-20 17:56:15","url":"/subscriptions/current"}
{"level":"info","message":"[Auth] User authenticated: 57bbbb75-05c7-4f69-9aad-7a961b3cc798","service":"trustlens-api","timestamp":"2026-01-20 17:56:15"}
{"duration":7,"ip":"::1","level":"info","message":"GET /subscriptions/current 304 - 7ms","method":"GET","service":"trustlens-api","status":304,"timestamp":"2026-01-20 17:56:15","url":"/subscriptions/current"}
{"level":"info","message":"[Auth] User authenticated: 57bbbb75-05c7-4f69-9aad-7a961b3cc798","service":"trustlens-api","timestamp":"2026-01-20 17:56:15"}
{"duration":4,"ip":"::1","level":"info","message":"GET /subscriptions/current 304 - 4ms","method":"GET","service":"trustlens-api","status":304,"timestamp":"2026-01-20 17:56:15","url":"/subscriptions/current"}
{"level":"info","message":"[Auth] User authenticated: 57bbbb75-05c7-4f69-9aad-7a961b3cc798","service":"trustlens-api","timestamp":"2026-01-20 17:56:15"}
{"duration":5,"ip":"::1","level":"info","message":"GET /subscriptions/current 304 - 5ms","method":"GET","service":"trustlens-api","status":304,"timestamp":"2026-01-20 17:56:15","url":"/subscriptions/current"}
{"duration":1,"ip":"::1","level":"info","message":"OPTIONS /subscriptions/current 204 - 1ms","method":"OPTIONS","service":"trustlens-api","status":204,"timestamp":"2026-01-20 17:56:21","url":"/subscriptions/current"}
{"level":"info","message":"[Auth] User authenticated: 57bbbb75-05c7-4f69-9aad-7a961b3cc798","service":"trustlens-api","timestamp":"2026-01-20 17:56:21"}
{"duration":4,"ip":"::1","level":"info","message":"GET /subscriptions/current 304 - 4ms","method":"GET","service":"trustlens-api","status":304,"timestamp":"2026-01-20 17:56:21","url":"/subscriptions/current"}
{"level":"info","message":"[Auth] User authenticated: 57bbbb75-05c7-4f69-9aad-7a961b3cc798","service":"trustlens-api","timestamp":"2026-01-20 17:56:21"}
{"duration":3,"ip":"::1","level":"info","message":"GET /subscriptions/current 304 - 3ms","method":"GET","service":"trustlens-api","status":304,"timestamp":"2026-01-20 17:56:21","url":"/subscriptions/current"}
{"duration":1,"ip":"::1","level":"info","message":"OPTIONS /dashboard 204 - 1ms","method":"OPTIONS","service":"trustlens-api","status":204,"timestamp":"2026-01-20 17:56:38","url":"/dashboard"}
{"duration":1,"ip":"::1","level":"info","message":"OPTIONS /complaints?limit=10&offset=0&sortBy=createdAt&sortOrder=desc&search= 204 - 1ms","method":"OPTIONS","service":"trustlens-api","status":204,"timestamp":"2026-01-20 17:56:38","url":"/complaints?limit=10&offset=0&sortBy=createdAt&sortOrder=desc&search="}
{"level":"info","message":"[Auth] User authenticated: 57bbbb75-05c7-4f69-9aad-7a961b3cc798","service":"trustlens-api","timestamp":"2026-01-20 17:56:38"}
{"level":"info","message":"[Auth] User authenticated: 57bbbb75-05c7-4f69-9aad-7a961b3cc798","service":"trustlens-api","timestamp":"2026-01-20 17:56:38"}
{"duration":3436,"ip":"::1","level":"info","message":"GET /dashboard 304 - 3436ms","method":"GET","service":"trustlens-api","status":304,"timestamp":"2026-01-20 17:56:41","url":"/dashboard"}
{"duration":4684,"ip":"::1","level":"info","message":"GET /complaints?limit=10&offset=0&sortBy=createdAt&sortOrder=desc&search= 304 - 4684ms","method":"GET","service":"trustlens-api","status":304,"timestamp":"2026-01-20 17:56:42","url":"/complaints?limit=10&offset=0&sortBy=createdAt&sortOrder=desc&search="}
{"level":"info","message":"[Auth] User authenticated: 57bbbb75-05c7-4f69-9aad-7a961b3cc798","service":"trustlens-api","timestamp":"2026-01-20 17:56:42"}
{"duration":2266,"ip":"::1","level":"info","message":"GET /complaints?limit=10&offset=0&sortBy=createdAt&sortOrder=desc&search= 304 - 2266ms","method":"GET","service":"trustlens-api","status":304,"timestamp":"2026-01-20 17:56:45","url":"/complaints?limit=10&offset=0&sortBy=createdAt&sortOrder=desc&search="}
{"duration":0,"ip":"::1","level":"info","message":"OPTIONS /complaints?limit=10&offset=0&sortBy=createdAt&sortOrder=desc&search= 204 - 0ms","method":"OPTIONS","service":"trustlens-api","status":204,"timestamp":"2026-01-20 17:56:51","url":"/complaints?limit=10&offset=0&sortBy=createdAt&sortOrder=desc&search="}
{"duration":1,"ip":"::1","level":"info","message":"OPTIONS /complaints?limit=10&offset=0&sortBy=createdAt&sortOrder=desc&search= 204 - 1ms","method":"OPTIONS","service":"trustlens-api","status":204,"timestamp":"2026-01-20 17:56:51","url":"/complaints?limit=10&offset=0&sortBy=createdAt&sortOrder=desc&search="}
{"level":"info","message":"[Auth] User authenticated: 57bbbb75-05c7-4f69-9aad-7a961b3cc798","service":"trustlens-api","timestamp":"2026-01-20 17:56:51"}
{"duration":1990,"ip":"::1","level":"info","message":"GET /complaints?limit=10&offset=0&sortBy=createdAt&sortOrder=desc&search= 304 - 1990ms","method":"GET","service":"trustlens-api","status":304,"timestamp":"2026-01-20 17:56:53","url":"/complaints?limit=10&offset=0&sortBy=createdAt&sortOrder=desc&search="}
{"level":"info","message":"[Auth] User authenticated: 57bbbb75-05c7-4f69-9aad-7a961b3cc798","service":"trustlens-api","timestamp":"2026-01-20 17:56:53"}
{"duration":2825,"ip":"::1","level":"info","message":"GET /complaints?limit=10&offset=0&sortBy=createdAt&sortOrder=desc&search= 304 - 2825ms","method":"GET","service":"trustlens-api","status":304,"timestamp":"2026-01-20 17:56:56","url":"/complaints?limit=10&offset=0&sortBy=createdAt&sortOrder=desc&search="}
{"level":"info","message":"[Auth] User authenticated: 57bbbb75-05c7-4f69-9aad-7a961b3cc798","service":"trustlens-api","timestamp":"2026-01-20 17:56:56"}
{"duration":1,"ip":"::1","level":"info","message":"OPTIONS /complaints?limit=10&offset=0&sortBy=createdAt&sortOrder=desc&search= 204 - 1ms","method":"OPTIONS","service":"trustlens-api","status":204,"timestamp":"2026-01-20 17:56:58","url":"/complaints?limit=10&offset=0&sortBy=createdAt&sortOrder=desc&search="}
{"duration":0,"ip":"::1","level":"info","message":"OPTIONS /complaints?limit=10&offset=0&sortBy=createdAt&sortOrder=desc&search= 204 - 0ms","method":"OPTIONS","service":"trustlens-api","status":204,"timestamp":"2026-01-20 17:56:58","url":"/complaints?limit=10&offset=0&sortBy=createdAt&sortOrder=desc&search="}
{"duration":3809,"ip":"::1","level":"info","message":"GET /complaints?limit=10&offset=0&sortBy=createdAt&sortOrder=desc&search= 304 - 3809ms","method":"GET","service":"trustlens-api","status":304,"timestamp":"2026-01-20 17:57:00","url":"/complaints?limit=10&offset=0&sortBy=createdAt&sortOrder=desc&search="}
{"level":"info","message":"[Auth] User authenticated: 57bbbb75-05c7-4f69-9aad-7a961b3cc798","service":"trustlens-api","timestamp":"2026-01-20 17:57:00"}
{"duration":2725,"ip":"::1","level":"info","message":"GET /complaints?limit=10&offset=0&sortBy=createdAt&sortOrder=desc&search= 304 - 2725ms","method":"GET","service":"trustlens-api","status":304,"timestamp":"2026-01-20 17:57:03","url":"/complaints?limit=10&offset=0&sortBy=createdAt&sortOrder=desc&search="}
{"level":"info","message":"[Auth] User authenticated: 57bbbb75-05c7-4f69-9aad-7a961b3cc798","service":"trustlens-api","timestamp":"2026-01-20 17:57:03"}
{"duration":4556,"ip":"::1","level":"info","message":"GET /complaints?limit=10&offset=0&sortBy=createdAt&sortOrder=desc&search= 304 - 4556ms","method":"GET","service":"trustlens-api","status":304,"timestamp":"2026-01-20 17:57:07","url":"/complaints?limit=10&offset=0&sortBy=createdAt&sortOrder=desc&search="}
{"level":"info","message":"[Auth] User authenticated: 57bbbb75-05c7-4f69-9aad-7a961b3cc798","service":"trustlens-api","timestamp":"2026-01-20 17:57:07"}
{"duration":2225,"ip":"::1","level":"info","message":"GET /complaints?limit=10&offset=0&sortBy=createdAt&sortOrder=desc&search= 304 - 2225ms","method":"GET","service":"trustlens-api","status":304,"timestamp":"2026-01-20 17:57:10","url":"/complaints?limit=10&offset=0&sortBy=createdAt&sortOrder=desc&search="}
{"duration":1,"ip":"::1","level":"info","message":"OPTIONS /complaints/67b008b1-6afe-4372-973b-3037a773e87e 204 - 1ms","method":"OPTIONS","service":"trustlens-api","status":204,"timestamp":"2026-01-20 17:57:17","url":"/complaints/67b008b1-6afe-4372-973b-3037a773e87e"}
{"duration":1,"ip":"::1","level":"info","message":"OPTIONS /complaints/67b008b1-6afe-4372-973b-3037a773e87e 204 - 1ms","method":"OPTIONS","service":"trustlens-api","status":204,"timestamp":"2026-01-20 17:57:17","url":"/complaints/67b008b1-6afe-4372-973b-3037a773e87e"}
{"duration":5374,"ip":"::1","level":"info","message":"GET /complaints/67b008b1-6afe-4372-973b-3037a773e87e 304 - 5374ms","method":"GET","service":"trustlens-api","status":304,"timestamp":"2026-01-20 17:57:23","url":"/complaints/67b008b1-6afe-4372-973b-3037a773e87e"}
{"duration":0,"ip":"::1","level":"info","message":"OPTIONS /ratings/67b008b1-6afe-4372-973b-3037a773e87e/user 204 - 0ms","method":"OPTIONS","service":"trustlens-api","status":204,"timestamp":"2026-01-20 17:57:23","url":"/ratings/67b008b1-6afe-4372-973b-3037a773e87e/user"}
{"level":"info","message":"[Auth] User authenticated: 57bbbb75-05c7-4f69-9aad-7a961b3cc798","service":"trustlens-api","timestamp":"2026-01-20 17:57:23"}
{"duration":742,"ip":"::1","level":"info","message":"GET /ratings/67b008b1-6afe-4372-973b-3037a773e87e/user 304 - 742ms","method":"GET","service":"trustlens-api","status":304,"timestamp":"2026-01-20 17:57:24","url":"/ratings/67b008b1-6afe-4372-973b-3037a773e87e/user"}
{"duration":2762,"ip":"::1","level":"info","message":"GET /complaints/67b008b1-6afe-4372-973b-3037a773e87e 304 - 2762ms","method":"GET","service":"trustlens-api","status":304,"timestamp":"2026-01-20 17:57:26","url":"/complaints/67b008b1-6afe-4372-973b-3037a773e87e"}
{"level":"info","message":"[Auth] User authenticated: 57bbbb75-05c7-4f69-9aad-7a961b3cc798","service":"trustlens-api","timestamp":"2026-01-20 17:57:26"}
{"duration":499,"ip":"::1","level":"info","message":"GET /ratings/67b008b1-6afe-4372-973b-3037a773e87e/user 304 - 499ms","method":"GET","service":"trustlens-api","status":304,"timestamp":"2026-01-20 17:57:26","url":"/ratings/67b008b1-6afe-4372-973b-3037a773e87e/user"}
{"duration":1,"ip":"::1","level":"info","message":"OPTIONS /subscriptions/current 204 - 1ms","method":"OPTIONS","service":"trustlens-api","status":204,"timestamp":"2026-01-21 07:56:41","url":"/subscriptions/current"}
{"level":"info","message":"[Auth] User authenticated: 57bbbb75-05c7-4f69-9aad-7a961b3cc798","service":"trustlens-api","timestamp":"2026-01-21 07:56:41"}
{"duration":7,"ip":"::1","level":"info","message":"GET /subscriptions/current 304 - 7ms","method":"GET","service":"trustlens-api","status":304,"timestamp":"2026-01-21 07:56:41","url":"/subscriptions/current"}
{"level":"info","message":"[Auth] User authenticated: 57bbbb75-05c7-4f69-9aad-7a961b3cc798","service":"trustlens-api","timestamp":"2026-01-21 07:56:41"}
{"duration":5,"ip":"::1","level":"info","message":"GET /subscriptions/current 304 - 5ms","method":"GET","service":"trustlens-api","status":304,"timestamp":"2026-01-21 07:56:41","url":"/subscriptions/current"}
{"duration":1,"ip":"::1","level":"info","message":"OPTIONS /subscriptions/current 204 - 1ms","method":"OPTIONS","service":"trustlens-api","status":204,"timestamp":"2026-01-21 07:56:58","url":"/subscriptions/current"}
{"level":"info","message":"[Auth] User authenticated: 57bbbb75-05c7-4f69-9aad-7a961b3cc798","service":"trustlens-api","timestamp":"2026-01-21 07:56:58"}
{"duration":6,"ip":"::1","level":"info","message":"GET /subscriptions/current 304 - 6ms","method":"GET","service":"trustlens-api","status":304,"timestamp":"2026-01-21 07:56:58","url":"/subscriptions/current"}
{"level":"info","message":"[Auth] User authenticated: 57bbbb75-05c7-4f69-9aad-7a961b3cc798","service":"trustlens-api","timestamp":"2026-01-21 07:56:58"}
{"duration":5,"ip":"::1","level":"info","message":"GET /subscriptions/current 304 - 5ms","method":"GET","service":"trustlens-api","status":304,"timestamp":"2026-01-21 07:56:58","url":"/subscriptions/current"}
{"duration":1,"ip":"::1","level":"info","message":"OPTIONS /subscriptions/current 204 - 1ms","method":"OPTIONS","service":"trustlens-api","status":204,"timestamp":"2026-01-21 08:00:51","url":"/subscriptions/current"}
{"level":"info","message":"[Auth] User authenticated: 57bbbb75-05c7-4f69-9aad-7a961b3cc798","service":"trustlens-api","timestamp":"2026-01-21 08:00:51"}
{"duration":8,"ip":"::1","level":"info","message":"GET /subscriptions/current 304 - 8ms","method":"GET","service":"trustlens-api","status":304,"timestamp":"2026-01-21 08:00:51","url":"/subscriptions/current"}
{"level":"info","message":"[Auth] User authenticated: 57bbbb75-05c7-4f69-9aad-7a961b3cc798","service":"trustlens-api","timestamp":"2026-01-21 08:00:51"}
{"duration":7,"ip":"::1","level":"info","message":"GET /subscriptions/current 304 - 7ms","method":"GET","service":"trustlens-api","status":304,"timestamp":"2026-01-21 08:00:51","url":"/subscriptions/current"}
{"duration":2,"ip":"::1","level":"info","message":"OPTIONS /subscriptions/current 204 - 2ms","method":"OPTIONS","service":"trustlens-api","status":204,"timestamp":"2026-01-21 08:01:07","url":"/subscriptions/current"}
{"level":"info","message":"[Auth] User authenticated: 57bbbb75-05c7-4f69-9aad-7a961b3cc798","service":"trustlens-api","timestamp":"2026-01-21 08:01:07"}
{"duration":5,"ip":"::1","level":"info","message":"GET /subscriptions/current 304 - 5ms","method":"GET","service":"trustlens-api","status":304,"timestamp":"2026-01-21 08:01:07","url":"/subscriptions/current"}
{"duration":1,"ip":"::1","level":"info","message":"OPTIONS /subscriptions/current 204 - 1ms","method":"OPTIONS","service":"trustlens-api","status":204,"timestamp":"2026-01-21 08:01:14","url":"/subscriptions/current"}
{"level":"info","message":"[Auth] User authenticated: 57bbbb75-05c7-4f69-9aad-7a961b3cc798","service":"trustlens-api","timestamp":"2026-01-21 08:01:14"}
{"duration":5,"ip":"::1","level":"info","message":"GET /subscriptions/current 304 - 5ms","method":"GET","service":"trustlens-api","status":304,"timestamp":"2026-01-21 08:01:14","url":"/subscriptions/current"}
{"duration":2,"ip":"::1","level":"info","message":"OPTIONS /subscriptions/current 204 - 2ms","method":"OPTIONS","service":"trustlens-api","status":204,"timestamp":"2026-01-21 08:01:22","url":"/subscriptions/current"}
{"level":"info","message":"[Auth] User authenticated: 57bbbb75-05c7-4f69-9aad-7a961b3cc798","service":"trustlens-api","timestamp":"2026-01-21 08:01:22"}
{"duration":8,"ip":"::1","level":"info","message":"GET /subscriptions/current 304 - 8ms","method":"GET","service":"trustlens-api","status":304,"timestamp":"2026-01-21 08:01:22","url":"/subscriptions/current"}
{"level":"info","message":"[Auth] User authenticated: 57bbbb75-05c7-4f69-9aad-7a961b3cc798","service":"trustlens-api","timestamp":"2026-01-21 08:01:22"}
{"duration":4,"ip":"::1","level":"info","message":"GET /subscriptions/current 304 - 4ms","method":"GET","service":"trustlens-api","status":304,"timestamp":"2026-01-21 08:01:22","url":"/subscriptions/current"}
{"duration":0,"ip":"::1","level":"info","message":"OPTIONS /subscriptions/current 204 - 0ms","method":"OPTIONS","service":"trustlens-api","status":204,"timestamp":"2026-01-21 08:01:30","url":"/subscriptions/current"}
{"level":"info","message":"[Auth] User authenticated: 57bbbb75-05c7-4f69-9aad-7a961b3cc798","service":"trustlens-api","timestamp":"2026-01-21 08:01:30"}
{"duration":10,"ip":"::1","level":"info","message":"GET /subscriptions/current 304 - 10ms","method":"GET","service":"trustlens-api","status":304,"timestamp":"2026-01-21 08:01:30","url":"/subscriptions/current"}
{"level":"info","message":"[Auth] User authenticated: 57bbbb75-05c7-4f69-9aad-7a961b3cc798","service":"trustlens-api","timestamp":"2026-01-21 08:01:30"}
{"duration":5,"ip":"::1","level":"info","message":"GET /subscriptions/current 304 - 5ms","method":"GET","service":"trustlens-api","status":304,"timestamp":"2026-01-21 08:01:30","url":"/subscriptions/current"}
{"duration":1,"ip":"::1","level":"info","message":"OPTIONS /subscriptions/current 204 - 1ms","method":"OPTIONS","service":"trustlens-api","status":204,"timestamp":"2026-01-21 08:04:35","url":"/subscriptions/current"}
{"level":"info","message":"[Auth] User authenticated: 57bbbb75-05c7-4f69-9aad-7a961b3cc798","service":"trustlens-api","timestamp":"2026-01-21 08:04:35"}
{"duration":4,"ip":"::1","level":"info","message":"GET /subscriptions/current 304 - 4ms","method":"GET","service":"trustlens-api","status":304,"timestamp":"2026-01-21 08:04:35","url":"/subscriptions/current"}
{"level":"info","message":"[Auth] User authenticated: 57bbbb75-05c7-4f69-9aad-7a961b3cc798","service":"trustlens-api","timestamp":"2026-01-21 08:04:35"}
{"duration":4,"ip":"::1","level":"info","message":"GET /subscriptions/current 304 - 4ms","method":"GET","service":"trustlens-api","status":304,"timestamp":"2026-01-21 08:04:35","url":"/subscriptions/current"}
{"level":"info","message":"[Auth] User authenticated: 57bbbb75-05c7-4f69-9aad-7a961b3cc798","service":"trustlens-api","timestamp":"2026-01-21 08:04:39"}
{"duration":4,"ip":"::1","level":"info","message":"GET /subscriptions/current 304 - 4ms","method":"GET","service":"trustlens-api","status":304,"timestamp":"2026-01-21 08:04:39","url":"/subscriptions/current"}
{"level":"info","message":"[Auth] User authenticated: 57bbbb75-05c7-4f69-9aad-7a961b3cc798","service":"trustlens-api","timestamp":"2026-01-21 08:04:39"}
{"duration":4,"ip":"::1","level":"info","message":"GET /subscriptions/current 304 - 4ms","method":"GET","service":"trustlens-api","status":304,"timestamp":"2026-01-21 08:04:39","url":"/subscriptions/current"}
{"duration":1,"ip":"::1","level":"info","message":"OPTIONS /subscriptions/current 204 - 1ms","method":"OPTIONS","service":"trustlens-api","status":204,"timestamp":"2026-01-21 08:05:47","url":"/subscriptions/current"}
{"level":"info","message":"[Auth] User authenticated: 57bbbb75-05c7-4f69-9aad-7a961b3cc798","service":"trustlens-api","timestamp":"2026-01-21 08:05:47"}
{"duration":3,"ip":"::1","level":"info","message":"GET /subscriptions/current 304 - 3ms","method":"GET","service":"trustlens-api","status":304,"timestamp":"2026-01-21 08:05:47","url":"/subscriptions/current"}
{"level":"info","message":"[Auth] User authenticated: 57bbbb75-05c7-4f69-9aad-7a961b3cc798","service":"trustlens-api","timestamp":"2026-01-21 08:05:47"}
{"duration":4,"ip":"::1","level":"info","message":"GET /subscriptions/current 304 - 4ms","method":"GET","service":"trustlens-api","status":304,"timestamp":"2026-01-21 08:05:47","url":"/subscriptions/current"}
{"duration":1,"ip":"::1","level":"info","message":"OPTIONS /subscriptions/current 204 - 1ms","method":"OPTIONS","service":"trustlens-api","status":204,"timestamp":"2026-01-21 08:06:03","url":"/subscriptions/current"}
{"level":"info","message":"[Auth] User authenticated: 57bbbb75-05c7-4f69-9aad-7a961b3cc798","service":"trustlens-api","timestamp":"2026-01-21 08:06:03"}
{"duration":5,"ip":"::1","level":"info","message":"GET /subscriptions/current 304 - 5ms","method":"GET","service":"trustlens-api","status":304,"timestamp":"2026-01-21 08:06:03","url":"/subscriptions/current"}
{"level":"info","message":"[Auth] User authenticated: 57bbbb75-05c7-4f69-9aad-7a961b3cc798","service":"trustlens-api","timestamp":"2026-01-21 08:06:03"}
{"duration":4,"ip":"::1","level":"info","message":"GET /subscriptions/current 304 - 4ms","method":"GET","service":"trustlens-api","status":304,"timestamp":"2026-01-21 08:06:03","url":"/subscriptions/current"}
{"duration":1,"ip":"::1","level":"info","message":"OPTIONS /subscriptions/current 204 - 1ms","method":"OPTIONS","service":"trustlens-api","status":204,"timestamp":"2026-01-21 08:06:26","url":"/subscriptions/current"}
{"level":"info","message":"[Auth] User authenticated: 57bbbb75-05c7-4f69-9aad-7a961b3cc798","service":"trustlens-api","timestamp":"2026-01-21 08:06:26"}
{"duration":6,"ip":"::1","level":"info","message":"GET /subscriptions/current 304 - 6ms","method":"GET","service":"trustlens-api","status":304,"timestamp":"2026-01-21 08:06:26","url":"/subscriptions/current"}
{"level":"info","message":"[Auth] User authenticated: 57bbbb75-05c7-4f69-9aad-7a961b3cc798","service":"trustlens-api","timestamp":"2026-01-21 08:06:26"}
{"duration":5,"ip":"::1","level":"info","message":"GET /subscriptions/current 304 - 5ms","method":"GET","service":"trustlens-api","status":304,"timestamp":"2026-01-21 08:06:26","url":"/subscriptions/current"}
{"duration":1,"ip":"::1","level":"info","message":"OPTIONS /subscriptions/current 204 - 1ms","method":"OPTIONS","service":"trustlens-api","status":204,"timestamp":"2026-01-21 08:15:24","url":"/subscriptions/current"}
{"level":"info","message":"[Auth] User authenticated: 57bbbb75-05c7-4f69-9aad-7a961b3cc798","service":"trustlens-api","timestamp":"2026-01-21 08:15:24"}
{"duration":4,"ip":"::1","level":"info","message":"GET /subscriptions/current 304 - 4ms","method":"GET","service":"trustlens-api","status":304,"timestamp":"2026-01-21 08:15:24","url":"/subscriptions/current"}
{"duration":2,"ip":"::1","level":"info","message":"OPTIONS /subscriptions/current 204 - 2ms","method":"OPTIONS","service":"trustlens-api","status":204,"timestamp":"2026-01-21 08:15:35","url":"/subscriptions/current"}
{"level":"info","message":"[Auth] User authenticated: 57bbbb75-05c7-4f69-9aad-7a961b3cc798","service":"trustlens-api","timestamp":"2026-01-21 08:15:35"}
{"duration":3,"ip":"::1","level":"info","message":"GET /subscriptions/current 304 - 3ms","method":"GET","service":"trustlens-api","status":304,"timestamp":"2026-01-21 08:15:35","url":"/subscriptions/current"}
